{"target": 0.865200964106573, "params": {"KLOPFALGO_HfaLatchedCounterThr_u8": 16.255330070538612, "KLOPFALGO_HfaThrZLatched_s16": 8881.297973768633, "KLOPFALGO_VelLatchedCounterThr_u8": 10.003431244520346, "KLOPFALGO_VelThrZLatched_s32": 7209.3302905273595, "KLOPFALGO_VelVeryHighCounterThr_u8": 3.7337794540855653, "KLOPFALGO_WinkelThrXLatched_s16": 4.738708758150382}, "datetime": {"datetime": "2024-03-22 13:41:54", "elapsed": 0.0, "delta": 0.0}}
{"target": 0.8007465550322694, "params": {"KLOPFALGO_HfaLatchedCounterThr_u8": 12.793903170665065, "KLOPFALGO_HfaThrZLatched_s16": 7382.242908172191, "KLOPFALGO_VelLatchedCounterThr_u8": 21.9030242269201, "KLOPFALGO_VelThrZLatched_s32": 8155.266936013428, "KLOPFALGO_VelVeryHighCounterThr_u8": 5.095972572016474, "KLOPFALGO_WinkelThrXLatched_s16": 9.481756003174077}, "datetime": {"datetime": "2024-03-22 13:41:55", "elapsed": 0.88069, "delta": 0.88069}}
{"target": 0.8703154946189002, "params": {"KLOPFALGO_HfaLatchedCounterThr_u8": 13.066783745972762, "KLOPFALGO_HfaThrZLatched_s16": 9512.469745563782, "KLOPFALGO_VelLatchedCounterThr_u8": 10.821627795937784, "KLOPFALGO_VelThrZLatched_s32": 8681.87004071361, "KLOPFALGO_VelVeryHighCounterThr_u8": 5.086524011835635, "KLOPFALGO_WinkelThrXLatched_s16": 8.469518627566014}, "datetime": {"datetime": "2024-03-22 13:41:55", "elapsed": 1.755801, "delta": 0.875111}}
{"target": 0.7879953422810566, "params": {"KLOPFALGO_HfaLatchedCounterThr_u8": 12.105804078928507, "KLOPFALGO_HfaThrZLatched_s16": 6792.405956339515, "KLOPFALGO_VelLatchedCounterThr_u8": 34.022337060266096, "KLOPFALGO_VelThrZLatched_s32": 9873.04630287759, "KLOPFALGO_VelVeryHighCounterThr_u8": 4.567120890796215, "KLOPFALGO_WinkelThrXLatched_s16": 9.538580925354513}, "datetime": {"datetime": "2024-03-22 13:41:56", "elapsed": 2.62873, "delta": 0.872929}}
{"target": 0.8161839857492031, "params": {"KLOPFALGO_HfaLatchedCounterThr_u8": 23.145837284440574, "KLOPFALGO_HfaThrZLatched_s16": 9578.42665401539, "KLOPFALGO_VelLatchedCounterThr_u8": 12.551326341093336, "KLOPFALGO_VelThrZLatched_s32": 6156.219132931529, "KLOPFALGO_VelVeryHighCounterThr_u8": 3.8491520978228446, "KLOPFALGO_WinkelThrXLatched_s16": 11.025140027435306}, "datetime": {"datetime": "2024-03-22 13:41:57", "elapsed": 3.514772, "delta": 0.886042}}
{"target": 0.8250296838441619, "params": {"KLOPFALGO_HfaLatchedCounterThr_u8": 11.475202507495752, "KLOPFALGO_HfaThrZLatched_s16": 7684.4305000202085, "KLOPFALGO_VelLatchedCounterThr_u8": 38.736685904515056, "KLOPFALGO_VelThrZLatched_s32": 8132.661139892069, "KLOPFALGO_VelVeryHighCounterThr_u8": 6.459385569752367, "KLOPFALGO_WinkelThrXLatched_s16": 6.524125048048504}, "datetime": {"datetime": "2024-03-22 13:41:58", "elapsed": 4.386589, "delta": 0.871817}}
{"target": 0.8299642875252632, "params": {"KLOPFALGO_HfaLatchedCounterThr_u8": 20.297513915223753, "KLOPFALGO_HfaThrZLatched_s16": 9338.502687589491, "KLOPFALGO_VelLatchedCounterThr_u8": 10.548648320325754, "KLOPFALGO_VelThrZLatched_s32": 9000.57725977987, "KLOPFALGO_VelVeryHighCounterThr_u8": 7.944305444532474, "KLOPFALGO_WinkelThrXLatched_s16": 9.985325235038715}, "datetime": {"datetime": "2024-03-22 13:41:59", "elapsed": 5.268489, "delta": 0.8819}}
{"target": 0.8814685649118935, "params": {"KLOPFALGO_HfaLatchedCounterThr_u8": 14.206659880966079, "KLOPFALGO_HfaThrZLatched_s16": 9157.117313805953, "KLOPFALGO_VelLatchedCounterThr_u8": 13.096780197329261, "KLOPFALGO_VelThrZLatched_s32": 7791.574104703621, "KLOPFALGO_VelVeryHighCounterThr_u8": 7.542977515465478, "KLOPFALGO_WinkelThrXLatched_s16": 6.348913186989436}, "datetime": {"datetime": "2024-03-22 13:42:00", "elapsed": 6.147796, "delta": 0.879307}}
{"target": 0.8489142214429852, "params": {"KLOPFALGO_HfaLatchedCounterThr_u8": 14.316630078795232, "KLOPFALGO_HfaThrZLatched_s16": 6520.114288473111, "KLOPFALGO_VelLatchedCounterThr_u8": 10.581008736108913, "KLOPFALGO_VelThrZLatched_s32": 8715.342131759564, "KLOPFALGO_VelVeryHighCounterThr_u8": 4.058140580000295, "KLOPFALGO_WinkelThrXLatched_s16": 6.12437327497781}, "datetime": {"datetime": "2024-03-22 13:42:01", "elapsed": 7.023343, "delta": 0.875547}}
{"target": 0.8368587427410956, "params": {"KLOPFALGO_HfaLatchedCounterThr_u8": 17.373597389205074, "KLOPFALGO_HfaThrZLatched_s16": 6213.450180468321, "KLOPFALGO_VelLatchedCounterThr_u8": 27.223528164760392, "KLOPFALGO_VelThrZLatched_s32": 6586.91429962324, "KLOPFALGO_VelVeryHighCounterThr_u8": 5.946527684516421, "KLOPFALGO_WinkelThrXLatched_s16": 9.59806688016745}, "datetime": {"datetime": "2024-03-22 13:42:02", "elapsed": 7.904263, "delta": 0.88092}}
{"target": 0.8464219500638983, "params": {"KLOPFALGO_HfaLatchedCounterThr_u8": 21.72585533467599, "KLOPFALGO_HfaThrZLatched_s16": 9438.168270440408, "KLOPFALGO_VelLatchedCounterThr_u8": 12.804127154637587, "KLOPFALGO_VelThrZLatched_s32": 8183.916878196316, "KLOPFALGO_VelVeryHighCounterThr_u8": 5.3139363924355685, "KLOPFALGO_WinkelThrXLatched_s16": 8.109317671841756}, "datetime": {"datetime": "2024-03-22 13:42:03", "elapsed": 9.02995, "delta": 1.125687}}
{"target": 0.8744332168624247, "params": {"KLOPFALGO_HfaLatchedCounterThr_u8": 13.689139632894204, "KLOPFALGO_HfaThrZLatched_s16": 9162.619178482031, "KLOPFALGO_VelLatchedCounterThr_u8": 35.27790093891029, "KLOPFALGO_VelThrZLatched_s32": 7785.985505047252, "KLOPFALGO_VelVeryHighCounterThr_u8": 7.181900363202685, "KLOPFALGO_WinkelThrXLatched_s16": 6.489707411860071}, "datetime": {"datetime": "2024-03-22 13:42:04", "elapsed": 10.136343, "delta": 1.106393}}
{"target": 0.830234222669396, "params": {"KLOPFALGO_HfaLatchedCounterThr_u8": 10.727835452247918, "KLOPFALGO_HfaThrZLatched_s16": 9120.243093661233, "KLOPFALGO_VelLatchedCounterThr_u8": 14.502477870765453, "KLOPFALGO_VelThrZLatched_s32": 7916.110898584169, "KLOPFALGO_VelVeryHighCounterThr_u8": 7.401196683998727, "KLOPFALGO_WinkelThrXLatched_s16": 8.441294370463805}, "datetime": {"datetime": "2024-03-22 13:42:05", "elapsed": 11.220834, "delta": 1.084491}}
{"target": 0.8537768007241692, "params": {"KLOPFALGO_HfaLatchedCounterThr_u8": 11.071107231852288, "KLOPFALGO_HfaThrZLatched_s16": 9162.549268596225, "KLOPFALGO_VelLatchedCounterThr_u8": 24.909352143508535, "KLOPFALGO_VelThrZLatched_s32": 7779.247190200424, "KLOPFALGO_VelVeryHighCounterThr_u8": 4.125076250491465, "KLOPFALGO_WinkelThrXLatched_s16": 6.868145852117047}, "datetime": {"datetime": "2024-03-22 13:42:06", "elapsed": 12.306019, "delta": 1.085185}}
{"target": 0.8215058497411437, "params": {"KLOPFALGO_HfaLatchedCounterThr_u8": 20.603728032713683, "KLOPFALGO_HfaThrZLatched_s16": 9146.312942467017, "KLOPFALGO_VelLatchedCounterThr_u8": 18.73435034561153, "KLOPFALGO_VelThrZLatched_s32": 7804.157378606284, "KLOPFALGO_VelVeryHighCounterThr_u8": 5.285047698482652, "KLOPFALGO_WinkelThrXLatched_s16": 10.579883060961048}, "datetime": {"datetime": "2024-03-22 13:42:07", "elapsed": 13.42314, "delta": 1.117121}}
{"target": 0.8558221427695111, "params": {"KLOPFALGO_HfaLatchedCounterThr_u8": 11.063774468430337, "KLOPFALGO_HfaThrZLatched_s16": 9169.839272794808, "KLOPFALGO_VelLatchedCounterThr_u8": 34.608573470221415, "KLOPFALGO_VelThrZLatched_s32": 7785.403828226826, "KLOPFALGO_VelVeryHighCounterThr_u8": 3.757344199764228, "KLOPFALGO_WinkelThrXLatched_s16": 7.968190979028504}, "datetime": {"datetime": "2024-03-22 13:42:08", "elapsed": 14.541673, "delta": 1.118533}}
{"target": 0.8341106289886777, "params": {"KLOPFALGO_HfaLatchedCounterThr_u8": 21.631123367927195, "KLOPFALGO_HfaThrZLatched_s16": 9170.21844527833, "KLOPFALGO_VelLatchedCounterThr_u8": 36.66299617031884, "KLOPFALGO_VelThrZLatched_s32": 7793.053243390763, "KLOPFALGO_VelVeryHighCounterThr_u8": 4.685717991039153, "KLOPFALGO_WinkelThrXLatched_s16": 9.197561249661872}, "datetime": {"datetime": "2024-03-22 13:42:09", "elapsed": 15.628263, "delta": 1.08659}}
{"target": 0.8569238805658287, "params": {"KLOPFALGO_HfaLatchedCounterThr_u8": 19.609450882670167, "KLOPFALGO_HfaThrZLatched_s16": 9162.112809564514, "KLOPFALGO_VelLatchedCounterThr_u8": 12.031191867633535, "KLOPFALGO_VelThrZLatched_s32": 7803.030617008588, "KLOPFALGO_VelVeryHighCounterThr_u8": 5.663196093774014, "KLOPFALGO_WinkelThrXLatched_s16": 8.777607803061857}, "datetime": {"datetime": "2024-03-22 13:42:10", "elapsed": 16.743058, "delta": 1.114795}}
{"target": 0.812733388475324, "params": {"KLOPFALGO_HfaLatchedCounterThr_u8": 13.976990640123876, "KLOPFALGO_HfaThrZLatched_s16": 6523.862520085751, "KLOPFALGO_VelLatchedCounterThr_u8": 16.85259390771889, "KLOPFALGO_VelThrZLatched_s32": 8719.102992844444, "KLOPFALGO_VelVeryHighCounterThr_u8": 3.8519545656641108, "KLOPFALGO_WinkelThrXLatched_s16": 9.924483856641059}, "datetime": {"datetime": "2024-03-22 13:42:11", "elapsed": 17.838809, "delta": 1.095751}}
{"target": 0.8582587954680978, "params": {"KLOPFALGO_HfaLatchedCounterThr_u8": 23.471962601550345, "KLOPFALGO_HfaThrZLatched_s16": 6345.660787224573, "KLOPFALGO_VelLatchedCounterThr_u8": 26.786284999773624, "KLOPFALGO_VelThrZLatched_s32": 7019.205202234345, "KLOPFALGO_VelVeryHighCounterThr_u8": 6.777856184752321, "KLOPFALGO_WinkelThrXLatched_s16": 5.902361720971423}, "datetime": {"datetime": "2024-03-22 13:42:13", "elapsed": 18.953911, "delta": 1.115102}}
{"target": 0.8224428762186198, "params": {"KLOPFALGO_HfaLatchedCounterThr_u8": 21.33625371902687, "KLOPFALGO_HfaThrZLatched_s16": 8893.904276509946, "KLOPFALGO_VelLatchedCounterThr_u8": 20.98684143240515, "KLOPFALGO_VelThrZLatched_s32": 7215.563928205978, "KLOPFALGO_VelVeryHighCounterThr_u8": 3.5970787173855276, "KLOPFALGO_WinkelThrXLatched_s16": 11.518822532404567}, "datetime": {"datetime": "2024-03-22 13:42:14", "elapsed": 20.074708, "delta": 1.120797}}
{"target": 0.8224428762186198, "params": {"KLOPFALGO_HfaLatchedCounterThr_u8": 21.497193659956373, "KLOPFALGO_HfaThrZLatched_s16": 9165.341237016726, "KLOPFALGO_VelLatchedCounterThr_u8": 15.253071491842837, "KLOPFALGO_VelThrZLatched_s32": 7793.054178946366, "KLOPFALGO_VelVeryHighCounterThr_u8": 3.9545342989151244, "KLOPFALGO_WinkelThrXLatched_s16": 11.232193182001023}, "datetime": {"datetime": "2024-03-22 13:42:15", "elapsed": 21.180875, "delta": 1.106167}}
{"target": 0.829449705254623, "params": {"KLOPFALGO_HfaLatchedCounterThr_u8": 21.31895255322773, "KLOPFALGO_HfaThrZLatched_s16": 9525.852599915532, "KLOPFALGO_VelLatchedCounterThr_u8": 17.598603062628577, "KLOPFALGO_VelThrZLatched_s32": 8684.340331378606, "KLOPFALGO_VelVeryHighCounterThr_u8": 7.172365293655535, "KLOPFALGO_WinkelThrXLatched_s16": 4.532157857591537}, "datetime": {"datetime": "2024-03-22 13:42:16", "elapsed": 22.298121, "delta": 1.117246}}
{"target": 0.8260168420168419, "params": {"KLOPFALGO_HfaLatchedCounterThr_u8": 12.435422301277267, "KLOPFALGO_HfaThrZLatched_s16": 9506.252504350588, "KLOPFALGO_VelLatchedCounterThr_u8": 15.77888351910635, "KLOPFALGO_VelThrZLatched_s32": 8685.62790836162, "KLOPFALGO_VelVeryHighCounterThr_u8": 7.983347435227668, "KLOPFALGO_WinkelThrXLatched_s16": 10.174460432945875}, "datetime": {"datetime": "2024-03-22 13:42:17", "elapsed": 23.388134, "delta": 1.090013}}
{"target": 0.8474937833761362, "params": {"KLOPFALGO_HfaLatchedCounterThr_u8": 18.40123472917393, "KLOPFALGO_HfaThrZLatched_s16": 8358.249403271122, "KLOPFALGO_VelLatchedCounterThr_u8": 31.744021785419662, "KLOPFALGO_VelThrZLatched_s32": 9034.334988266013, "KLOPFALGO_VelVeryHighCounterThr_u8": 5.183404786999291, "KLOPFALGO_WinkelThrXLatched_s16": 9.283158814806683}, "datetime": {"datetime": "2024-03-22 13:42:18", "elapsed": 24.48667, "delta": 1.098536}}
{"target": 0.8388823390928654, "params": {"KLOPFALGO_HfaLatchedCounterThr_u8": 15.770324652668256, "KLOPFALGO_HfaThrZLatched_s16": 8356.326342830282, "KLOPFALGO_VelLatchedCounterThr_u8": 29.671374020311863, "KLOPFALGO_VelThrZLatched_s32": 9038.03227563962, "KLOPFALGO_VelVeryHighCounterThr_u8": 3.58447660501609, "KLOPFALGO_WinkelThrXLatched_s16": 10.847942766201445}, "datetime": {"datetime": "2024-03-22 13:42:19", "elapsed": 25.581025, "delta": 1.094355}}
{"target": 0.8470309447280518, "params": {"KLOPFALGO_HfaLatchedCounterThr_u8": 24.14335900342396, "KLOPFALGO_HfaThrZLatched_s16": 6351.206819330629, "KLOPFALGO_VelLatchedCounterThr_u8": 11.366391508778072, "KLOPFALGO_VelThrZLatched_s32": 7038.673385498456, "KLOPFALGO_VelVeryHighCounterThr_u8": 7.081278239559823, "KLOPFALGO_WinkelThrXLatched_s16": 4.480512091017618}, "datetime": {"datetime": "2024-03-22 13:42:20", "elapsed": 26.681912, "delta": 1.100887}}
{"target": 0.8744332168624247, "params": {"KLOPFALGO_HfaLatchedCounterThr_u8": 17.434800433152308, "KLOPFALGO_HfaThrZLatched_s16": 6513.020220147487, "KLOPFALGO_VelLatchedCounterThr_u8": 11.586576450550735, "KLOPFALGO_VelThrZLatched_s32": 8710.732948412577, "KLOPFALGO_VelVeryHighCounterThr_u8": 3.71819405085277, "KLOPFALGO_WinkelThrXLatched_s16": 6.8458438645739825}, "datetime": {"datetime": "2024-03-22 13:42:21", "elapsed": 27.785767, "delta": 1.103855}}
{"target": 0.8224428762186198, "params": {"KLOPFALGO_HfaLatchedCounterThr_u8": 19.686291212480842, "KLOPFALGO_HfaThrZLatched_s16": 9182.241712780915, "KLOPFALGO_VelLatchedCounterThr_u8": 29.515629848713147, "KLOPFALGO_VelThrZLatched_s32": 7768.534871279727, "KLOPFALGO_VelVeryHighCounterThr_u8": 3.688077283844243, "KLOPFALGO_WinkelThrXLatched_s16": 11.265734094298361}, "datetime": {"datetime": "2024-03-22 13:42:23", "elapsed": 28.885033, "delta": 1.099266}}
{"target": 0.8698163487219576, "params": {"KLOPFALGO_HfaLatchedCounterThr_u8": 16.084934613304384, "KLOPFALGO_HfaThrZLatched_s16": 8932.454000387126, "KLOPFALGO_VelLatchedCounterThr_u8": 35.69717182643055, "KLOPFALGO_VelThrZLatched_s32": 9963.273112989946, "KLOPFALGO_VelVeryHighCounterThr_u8": 7.27253936764345, "KLOPFALGO_WinkelThrXLatched_s16": 5.997998240865367}, "datetime": {"datetime": "2024-03-22 13:42:24", "elapsed": 30.000496, "delta": 1.115463}}
{"target": 0.8513701031348091, "params": {"KLOPFALGO_HfaLatchedCounterThr_u8": 15.525416878562753, "KLOPFALGO_HfaThrZLatched_s16": 9510.335860386527, "KLOPFALGO_VelLatchedCounterThr_u8": 16.41386939677393, "KLOPFALGO_VelThrZLatched_s32": 8676.7048634197, "KLOPFALGO_VelVeryHighCounterThr_u8": 4.88404092125644, "KLOPFALGO_WinkelThrXLatched_s16": 9.369592792277041}, "datetime": {"datetime": "2024-03-22 13:42:25", "elapsed": 31.11209, "delta": 1.111594}}
{"target": 0.8202325687451545, "params": {"KLOPFALGO_HfaLatchedCounterThr_u8": 15.546868195191593, "KLOPFALGO_HfaThrZLatched_s16": 8877.009476388112, "KLOPFALGO_VelLatchedCounterThr_u8": 11.10660520935425, "KLOPFALGO_VelThrZLatched_s32": 7198.88706274256, "KLOPFALGO_VelVeryHighCounterThr_u8": 4.134387507797987, "KLOPFALGO_WinkelThrXLatched_s16": 11.594080526255127}, "datetime": {"datetime": "2024-03-22 13:42:26", "elapsed": 32.21561, "delta": 1.10352}}
{"target": 0.8636732016838049, "params": {"KLOPFALGO_HfaLatchedCounterThr_u8": 17.544042557490897, "KLOPFALGO_HfaThrZLatched_s16": 6354.3676208440065, "KLOPFALGO_VelLatchedCounterThr_u8": 10.115937745097355, "KLOPFALGO_VelThrZLatched_s32": 7042.073534255553, "KLOPFALGO_VelVeryHighCounterThr_u8": 7.869279458726224, "KLOPFALGO_WinkelThrXLatched_s16": 6.341156305036591}, "datetime": {"datetime": "2024-03-22 13:42:27", "elapsed": 33.334115, "delta": 1.118505}}
{"target": 0.862165752820319, "params": {"KLOPFALGO_HfaLatchedCounterThr_u8": 15.677121448212311, "KLOPFALGO_HfaThrZLatched_s16": 6330.907900482649, "KLOPFALGO_VelLatchedCounterThr_u8": 25.21612175067974, "KLOPFALGO_VelThrZLatched_s32": 7697.926407670782, "KLOPFALGO_VelVeryHighCounterThr_u8": 3.1448799476535685, "KLOPFALGO_WinkelThrXLatched_s16": 5.2482110042446966}, "datetime": {"datetime": "2024-03-22 13:42:28", "elapsed": 34.456844, "delta": 1.122729}}
{"target": 0.8717440660474717, "params": {"KLOPFALGO_HfaLatchedCounterThr_u8": 20.568617239960542, "KLOPFALGO_HfaThrZLatched_s16": 6535.331343501442, "KLOPFALGO_VelLatchedCounterThr_u8": 33.94427062399983, "KLOPFALGO_VelThrZLatched_s32": 8544.529434851851, "KLOPFALGO_VelVeryHighCounterThr_u8": 6.0858114487543, "KLOPFALGO_WinkelThrXLatched_s16": 8.267922510199577}, "datetime": {"datetime": "2024-03-22 13:42:29", "elapsed": 35.567531, "delta": 1.110687}}
{"target": 0.8209360258140744, "params": {"KLOPFALGO_HfaLatchedCounterThr_u8": 22.30356977399468, "KLOPFALGO_HfaThrZLatched_s16": 9425.370528787618, "KLOPFALGO_VelLatchedCounterThr_u8": 22.40671003374515, "KLOPFALGO_VelThrZLatched_s32": 9267.644334955123, "KLOPFALGO_VelVeryHighCounterThr_u8": 7.977261016972619, "KLOPFALGO_WinkelThrXLatched_s16": 9.577674775590529}, "datetime": {"datetime": "2024-03-22 13:42:30", "elapsed": 36.699104, "delta": 1.131573}}
{"target": 0.8708810257084533, "params": {"KLOPFALGO_HfaLatchedCounterThr_u8": 17.091858943667855, "KLOPFALGO_HfaThrZLatched_s16": 8927.135011072263, "KLOPFALGO_VelLatchedCounterThr_u8": 33.85891809717636, "KLOPFALGO_VelThrZLatched_s32": 9965.701495045741, "KLOPFALGO_VelVeryHighCounterThr_u8": 3.5538697318547277, "KLOPFALGO_WinkelThrXLatched_s16": 6.003472790823407}, "datetime": {"datetime": "2024-03-22 13:42:31", "elapsed": 37.84601, "delta": 1.146906}}
{"target": 0.8744332168624247, "params": {"KLOPFALGO_HfaLatchedCounterThr_u8": 17.284403124942973, "KLOPFALGO_HfaThrZLatched_s16": 6517.555411935904, "KLOPFALGO_VelLatchedCounterThr_u8": 13.590039942272401, "KLOPFALGO_VelThrZLatched_s32": 8701.432103942694, "KLOPFALGO_VelVeryHighCounterThr_u8": 3.9676461625103143, "KLOPFALGO_WinkelThrXLatched_s16": 6.83029748974505}, "datetime": {"datetime": "2024-03-22 13:42:33", "elapsed": 38.965122, "delta": 1.119112}}
{"target": 0.8495074048758259, "params": {"KLOPFALGO_HfaLatchedCounterThr_u8": 11.004156477066635, "KLOPFALGO_HfaThrZLatched_s16": 9149.319515185283, "KLOPFALGO_VelLatchedCounterThr_u8": 18.37848342751272, "KLOPFALGO_VelThrZLatched_s32": 7797.994658925327, "KLOPFALGO_VelVeryHighCounterThr_u8": 4.816498996443779, "KLOPFALGO_WinkelThrXLatched_s16": 8.155989337399372}, "datetime": {"datetime": "2024-03-22 13:42:34", "elapsed": 40.105993, "delta": 1.140871}}
{"target": 0.8717170558105918, "params": {"KLOPFALGO_HfaLatchedCounterThr_u8": 14.779285941832544, "KLOPFALGO_HfaThrZLatched_s16": 9164.61223781967, "KLOPFALGO_VelLatchedCounterThr_u8": 30.50945272446054, "KLOPFALGO_VelThrZLatched_s32": 7780.1887037211545, "KLOPFALGO_VelVeryHighCounterThr_u8": 6.143633934679035, "KLOPFALGO_WinkelThrXLatched_s16": 8.70845523288974}, "datetime": {"datetime": "2024-03-22 13:42:35", "elapsed": 41.265996, "delta": 1.160003}}
{"target": 0.8717440660474717, "params": {"KLOPFALGO_HfaLatchedCounterThr_u8": 21.67434252879922, "KLOPFALGO_HfaThrZLatched_s16": 6528.741827169205, "KLOPFALGO_VelLatchedCounterThr_u8": 24.54493021645883, "KLOPFALGO_VelThrZLatched_s32": 8547.635466374757, "KLOPFALGO_VelVeryHighCounterThr_u8": 5.566084529407714, "KLOPFALGO_WinkelThrXLatched_s16": 8.611154423417531}, "datetime": {"datetime": "2024-03-22 13:42:36", "elapsed": 42.40278, "delta": 1.136784}}
{"target": 0.8702868753990101, "params": {"KLOPFALGO_HfaLatchedCounterThr_u8": 17.220784077730073, "KLOPFALGO_HfaThrZLatched_s16": 6511.149924871216, "KLOPFALGO_VelLatchedCounterThr_u8": 18.80174036534947, "KLOPFALGO_VelThrZLatched_s32": 8709.980385261524, "KLOPFALGO_VelVeryHighCounterThr_u8": 7.213016936342665, "KLOPFALGO_WinkelThrXLatched_s16": 5.586502347406934}, "datetime": {"datetime": "2024-03-22 13:42:37", "elapsed": 43.540491, "delta": 1.137711}}
{"target": 0.7408199503851678, "params": {"KLOPFALGO_HfaLatchedCounterThr_u8": 10.758226806309462, "KLOPFALGO_HfaThrZLatched_s16": 6343.422998978643, "KLOPFALGO_VelLatchedCounterThr_u8": 27.3436217910929, "KLOPFALGO_VelThrZLatched_s32": 7033.191825659784, "KLOPFALGO_VelVeryHighCounterThr_u8": 7.513025886216747, "KLOPFALGO_WinkelThrXLatched_s16": 8.241036799978934}, "datetime": {"datetime": "2024-03-22 13:42:38", "elapsed": 44.686379, "delta": 1.145888}}
{"target": 0.8010162409386276, "params": {"KLOPFALGO_HfaLatchedCounterThr_u8": 12.438522435443605, "KLOPFALGO_HfaThrZLatched_s16": 6527.894743258106, "KLOPFALGO_VelLatchedCounterThr_u8": 24.617651860833877, "KLOPFALGO_VelThrZLatched_s32": 8554.442532768699, "KLOPFALGO_VelVeryHighCounterThr_u8": 3.1091884453463257, "KLOPFALGO_WinkelThrXLatched_s16": 8.02682045662948}, "datetime": {"datetime": "2024-03-22 13:42:39", "elapsed": 45.817868, "delta": 1.131489}}
{"target": 0.8474937833761362, "params": {"KLOPFALGO_HfaLatchedCounterThr_u8": 19.54450622018254, "KLOPFALGO_HfaThrZLatched_s16": 8352.21996310742, "KLOPFALGO_VelLatchedCounterThr_u8": 34.946736970846004, "KLOPFALGO_VelThrZLatched_s32": 9035.387700195477, "KLOPFALGO_VelVeryHighCounterThr_u8": 7.4212928109086365, "KLOPFALGO_WinkelThrXLatched_s16": 9.312941904906676}, "datetime": {"datetime": "2024-03-22 13:42:41", "elapsed": 46.939443, "delta": 1.121575}}
{"target": 0.8743643348521399, "params": {"KLOPFALGO_HfaLatchedCounterThr_u8": 15.821550964216083, "KLOPFALGO_HfaThrZLatched_s16": 9503.427662346387, "KLOPFALGO_VelLatchedCounterThr_u8": 17.306763365586537, "KLOPFALGO_VelThrZLatched_s32": 8677.393018599649, "KLOPFALGO_VelVeryHighCounterThr_u8": 4.768581044755106, "KLOPFALGO_WinkelThrXLatched_s16": 6.0113475893551325}, "datetime": {"datetime": "2024-03-22 13:42:42", "elapsed": 48.045066, "delta": 1.105623}}
{"target": 0.8268534433240315, "params": {"KLOPFALGO_HfaLatchedCounterThr_u8": 19.632711646435965, "KLOPFALGO_HfaThrZLatched_s16": 8923.594151171808, "KLOPFALGO_VelLatchedCounterThr_u8": 24.578310841211653, "KLOPFALGO_VelThrZLatched_s32": 9967.394635003271, "KLOPFALGO_VelVeryHighCounterThr_u8": 6.200504201934386, "KLOPFALGO_WinkelThrXLatched_s16": 10.891058252381194}, "datetime": {"datetime": "2024-03-22 13:42:43", "elapsed": 49.184131, "delta": 1.139065}}
