{"target": 0.856365379164955, "params": {"KLOPFALGO_HfaLatchedCounterThr_u8": 22.626562093807927, "KLOPFALGO_HfaThrZLatched_s16": 9504.439125307312, "KLOPFALGO_VelLatchedCounterThr_u8": 16.745087003408283, "KLOPFALGO_VelThrZLatched_s32": 8661.157247913849, "KLOPFALGO_VelVeryHighCounterThr_u8": 3.891657196105225, "KLOPFALGO_WinkelThrXLatched_s16": 7.6354705261757925}, "datetime": {"datetime": "2024-03-22 13:42:44", "elapsed": 50.318544, "delta": 1.134413}}
{"target": 0.8338052668052669, "params": {"KLOPFALGO_HfaLatchedCounterThr_u8": 15.870466899499139, "KLOPFALGO_HfaThrZLatched_s16": 6513.920997247787, "KLOPFALGO_VelLatchedCounterThr_u8": 14.789847899957199, "KLOPFALGO_VelThrZLatched_s32": 8701.532241190898, "KLOPFALGO_VelVeryHighCounterThr_u8": 4.974169727871247, "KLOPFALGO_WinkelThrXLatched_s16": 9.763709276042139}, "datetime": {"datetime": "2024-03-22 13:42:45", "elapsed": 51.434539, "delta": 1.115995}}
{"target": 0.8086742300041532, "params": {"KLOPFALGO_HfaLatchedCounterThr_u8": 24.894578707204168, "KLOPFALGO_HfaThrZLatched_s16": 7141.805849412849, "KLOPFALGO_VelLatchedCounterThr_u8": 12.753079184407543, "KLOPFALGO_VelThrZLatched_s32": 8925.9439624507, "KLOPFALGO_VelVeryHighCounterThr_u8": 7.472756551081675, "KLOPFALGO_WinkelThrXLatched_s16": 11.151125278753884}, "datetime": {"datetime": "2024-03-22 13:42:46", "elapsed": 52.583494, "delta": 1.148955}}
